Determining if the pthread_create exist failed with the following output:
Change Dir: /home/computing/Downloads/WK4/build/CMakeFiles/CMakeTmp

Run Build Command:"/usr/bin/make" "cmTC_a665e/fast"
/usr/bin/make -f CMakeFiles/cmTC_a665e.dir/build.make CMakeFiles/cmTC_a665e.dir/build
make[1]: Entering directory '/home/computing/Downloads/WK4/build/CMakeFiles/CMakeTmp'
Building C object CMakeFiles/cmTC_a665e.dir/CheckSymbolExists.c.o
/usr/bin/cc    -o CMakeFiles/cmTC_a665e.dir/CheckSymbolExists.c.o   -c /home/computing/Downloads/WK4/build/CMakeFiles/CMakeTmp/CheckSymbolExists.c
Linking C executable cmTC_a665e
/usr/bin/cmake -E cmake_link_script CMakeFiles/cmTC_a665e.dir/link.txt --verbose=1
/usr/bin/cc      -rdynamic CMakeFiles/cmTC_a665e.dir/CheckSymbolExists.c.o  -o cmTC_a665e 
CMakeFiles/cmTC_a665e.dir/CheckSymbolExists.c.o: In function `main':
CheckSymbolExists.c:(.text+0x1b): undefined reference to `pthread_create'
collect2: error: ld returned 1 exit status
CMakeFiles/cmTC_a665e.dir/build.make:97: recipe for target 'cmTC_a665e' failed
make[1]: *** [cmTC_a665e] Error 1
make[1]: Leaving directory '/home/computing/Downloads/WK4/build/CMakeFiles/CMakeTmp'
Makefile:126: recipe for target 'cmTC_a665e/fast' failed
make: *** [cmTC_a665e/fast] Error 2

File /home/computing/Downloads/WK4/build/CMakeFiles/CMakeTmp/CheckSymbolExists.c:
/* */
#include <pthread.h>

int main(int argc, char** argv)
{
  (void)argv;
#ifndef pthread_create
  return ((int*)(&pthread_create))[argc];
#else
  (void)argc;
  return 0;
#endif
}

Determining if the function pthread_create exists in the pthreads failed with the following output:
Change Dir: /home/computing/Downloads/WK4/build/CMakeFiles/CMakeTmp

Run Build Command:"/usr/bin/make" "cmTC_8f8fe/fast"
/usr/bin/make -f CMakeFiles/cmTC_8f8fe.dir/build.make CMakeFiles/cmTC_8f8fe.dir/build
make[1]: Entering directory '/home/computing/Downloads/WK4/build/CMakeFiles/CMakeTmp'
Building C object CMakeFiles/cmTC_8f8fe.dir/CheckFunctionExists.c.o
/usr/bin/cc   -DCHECK_FUNCTION_EXISTS=pthread_create   -o CMakeFiles/cmTC_8f8fe.dir/CheckFunctionExists.c.o   -c /usr/share/cmake-3.10/Modules/CheckFunctionExists.c
Linking C executable cmTC_8f8fe
/usr/bin/cmake -E cmake_link_script CMakeFiles/cmTC_8f8fe.dir/link.txt --verbose=1
/usr/bin/cc  -DCHECK_FUNCTION_EXISTS=pthread_create    -rdynamic CMakeFiles/cmTC_8f8fe.dir/CheckFunctionExists.c.o  -o cmTC_8f8fe -lpthreads 
/usr/bin/ld: cannot find -lpthreads
collect2: error: ld returned 1 exit status
CMakeFiles/cmTC_8f8fe.dir/build.make:97: recipe for target 'cmTC_8f8fe' failed
make[1]: *** [cmTC_8f8fe] Error 1
make[1]: Leaving directory '/home/computing/Downloads/WK4/build/CMakeFiles/CMakeTmp'
Makefile:126: recipe for target 'cmTC_8f8fe/fast' failed
make: *** [cmTC_8f8fe/fast] Error 2


